<?xml version="1.0" encoding="UTF-8"?>
<testng-results ignored="0" total="1" passed="1" failed="0" skipped="0">
  <reporter-output>
  </reporter-output>
  <suite started-at="2022-09-09T22:33:45 WAT" name="Default suite" finished-at="2022-09-09T22:34:49 WAT" duration-ms="63982">
    <groups>
    </groups>
    <test started-at="2022-09-09T22:33:45 WAT" name="Default test" finished-at="2022-09-09T22:34:49 WAT" duration-ms="63982">
      <class name="com.walletHub.testCases.facebookTest">
        <test-method signature="loginTest()[pri:0, instance:com.walletHub.testCases.facebookTest@5f683daf]" started-at="2022-09-09T22:33:45 WAT" name="loginTest" finished-at="2022-09-09T22:34:49 WAT" duration-ms="63954" status="PASS">
          <reporter-output>
          </reporter-output>
        </test-method> <!-- loginTest -->
      </class> <!-- com.walletHub.testCases.facebookTest -->
    </test> <!-- Default test -->
  </suite> <!-- Default suite -->
</testng-results>
